{"C:\\Users\\DBetancourt\\Git\\unit-test-calculator\\calculator.js": {"path":"C:\\Users\\DBetancourt\\Git\\unit-test-calculator\\calculator.js","statementMap":{"0":{"start":{"line":5,"column":2},"end":{"line":5,"column":22}},"1":{"start":{"line":10,"column":2},"end":{"line":10,"column":16}},"2":{"start":{"line":11,"column":2},"end":{"line":11,"column":13}},"3":{"start":{"line":16,"column":2},"end":{"line":16,"column":22}},"4":{"start":{"line":17,"column":2},"end":{"line":17,"column":13}},"5":{"start":{"line":22,"column":2},"end":{"line":22,"column":26}},"6":{"start":{"line":23,"column":2},"end":{"line":23,"column":13}},"7":{"start":{"line":28,"column":2},"end":{"line":28,"column":22}},"8":{"start":{"line":29,"column":2},"end":{"line":29,"column":13}},"9":{"start":{"line":34,"column":2},"end":{"line":35,"column":51}},"10":{"start":{"line":35,"column":3},"end":{"line":35,"column":51}},"11":{"start":{"line":37,"column":2},"end":{"line":37,"column":23}},"12":{"start":{"line":38,"column":2},"end":{"line":38,"column":13}},"13":{"start":{"line":43,"column":2},"end":{"line":43,"column":19}},"14":{"start":{"line":57,"column":0},"end":{"line":57,"column":27}}},"fnMap":{"0":{"name":"(anonymous_0)","decl":{"start":{"line":3,"column":1},"end":{"line":3,"column":2}},"loc":{"start":{"line":4,"column":1},"end":{"line":6,"column":2}},"line":4},"1":{"name":"(anonymous_1)","decl":{"start":{"line":8,"column":1},"end":{"line":8,"column":2}},"loc":{"start":{"line":9,"column":1},"end":{"line":12,"column":2}},"line":9},"2":{"name":"(anonymous_2)","decl":{"start":{"line":14,"column":1},"end":{"line":14,"column":2}},"loc":{"start":{"line":15,"column":1},"end":{"line":18,"column":2}},"line":15},"3":{"name":"(anonymous_3)","decl":{"start":{"line":20,"column":1},"end":{"line":20,"column":2}},"loc":{"start":{"line":21,"column":1},"end":{"line":24,"column":2}},"line":21},"4":{"name":"(anonymous_4)","decl":{"start":{"line":26,"column":1},"end":{"line":26,"column":2}},"loc":{"start":{"line":27,"column":1},"end":{"line":30,"column":2}},"line":27},"5":{"name":"(anonymous_5)","decl":{"start":{"line":32,"column":1},"end":{"line":32,"column":2}},"loc":{"start":{"line":33,"column":1},"end":{"line":39,"column":2}},"line":33},"6":{"name":"(anonymous_6)","decl":{"start":{"line":41,"column":1},"end":{"line":41,"column":2}},"loc":{"start":{"line":42,"column":1},"end":{"line":44,"column":2}},"line":42}},"branchMap":{"0":{"loc":{"start":{"line":34,"column":2},"end":{"line":35,"column":51}},"type":"if","locations":[{"start":{"line":34,"column":2},"end":{"line":35,"column":51}},{"start":{"line":34,"column":2},"end":{"line":35,"column":51}}],"line":34}},"s":{"0":15,"1":2,"2":2,"3":2,"4":2,"5":1,"6":1,"7":2,"8":2,"9":2,"10":1,"11":1,"12":1,"13":7,"14":1},"f":{"0":15,"1":2,"2":2,"3":1,"4":2,"5":2,"6":7},"b":{"0":[1,1]},"_coverageSchema":"43e27e138ebf9cfc5966b082cf9a028302ed4184","hash":"f7a2d63a0d0971e76f33d856ac535e739a97b512"}
,"C:\\Users\\DBetancourt\\Git\\unit-test-calculator\\rpn-calculator.js": {"path":"C:\\Users\\DBetancourt\\Git\\unit-test-calculator\\rpn-calculator.js","statementMap":{"0":{"start":{"line":5,"column":2},"end":{"line":5,"column":37}},"1":{"start":{"line":10,"column":2},"end":{"line":10,"column":18}},"2":{"start":{"line":10,"column":10},"end":{"line":10,"column":18}},"3":{"start":{"line":12,"column":12},"end":{"line":12,"column":14}},"4":{"start":{"line":13,"column":15},"end":{"line":13,"column":16}},"5":{"start":{"line":14,"column":15},"end":{"line":14,"column":17}},"6":{"start":{"line":15,"column":20},"end":{"line":15,"column":24}},"7":{"start":{"line":16,"column":17},"end":{"line":16,"column":25}},"8":{"start":{"line":18,"column":2},"end":{"line":67,"column":3}},"9":{"start":{"line":20,"column":3},"end":{"line":26,"column":4}},"10":{"start":{"line":21,"column":4},"end":{"line":21,"column":22}},"11":{"start":{"line":22,"column":8},"end":{"line":26,"column":4}},"12":{"start":{"line":24,"column":4},"end":{"line":24,"column":30}},"13":{"start":{"line":25,"column":4},"end":{"line":25,"column":12}},"14":{"start":{"line":28,"column":3},"end":{"line":66,"column":5}},"15":{"start":{"line":29,"column":4},"end":{"line":66,"column":5}},"16":{"start":{"line":33,"column":6},"end":{"line":33,"column":46}},"17":{"start":{"line":33,"column":40},"end":{"line":33,"column":45}},"18":{"start":{"line":34,"column":6},"end":{"line":34,"column":23}},"19":{"start":{"line":35,"column":6},"end":{"line":35,"column":25}},"20":{"start":{"line":37,"column":5},"end":{"line":37,"column":11}},"21":{"start":{"line":40,"column":6},"end":{"line":41,"column":29}},"22":{"start":{"line":41,"column":7},"end":{"line":41,"column":29}},"23":{"start":{"line":42,"column":6},"end":{"line":42,"column":45}},"24":{"start":{"line":42,"column":39},"end":{"line":42,"column":44}},"25":{"start":{"line":43,"column":6},"end":{"line":43,"column":23}},"26":{"start":{"line":44,"column":6},"end":{"line":44,"column":25}},"27":{"start":{"line":46,"column":5},"end":{"line":46,"column":11}},"28":{"start":{"line":49,"column":6},"end":{"line":52,"column":47}},"29":{"start":{"line":50,"column":7},"end":{"line":50,"column":46}},"30":{"start":{"line":50,"column":40},"end":{"line":50,"column":45}},"31":{"start":{"line":52,"column":7},"end":{"line":52,"column":47}},"32":{"start":{"line":52,"column":41},"end":{"line":52,"column":46}},"33":{"start":{"line":53,"column":6},"end":{"line":53,"column":23}},"34":{"start":{"line":54,"column":6},"end":{"line":54,"column":25}},"35":{"start":{"line":56,"column":5},"end":{"line":56,"column":11}},"36":{"start":{"line":59,"column":6},"end":{"line":60,"column":29}},"37":{"start":{"line":60,"column":7},"end":{"line":60,"column":29}},"38":{"start":{"line":61,"column":6},"end":{"line":61,"column":45}},"39":{"start":{"line":61,"column":39},"end":{"line":61,"column":44}},"40":{"start":{"line":62,"column":6},"end":{"line":62,"column":23}},"41":{"start":{"line":63,"column":6},"end":{"line":63,"column":25}},"42":{"start":{"line":65,"column":5},"end":{"line":65,"column":11}},"43":{"start":{"line":69,"column":2},"end":{"line":69,"column":15}},"44":{"start":{"line":74,"column":2},"end":{"line":74,"column":16}},"45":{"start":{"line":75,"column":2},"end":{"line":75,"column":13}},"46":{"start":{"line":80,"column":2},"end":{"line":80,"column":22}},"47":{"start":{"line":81,"column":2},"end":{"line":81,"column":13}},"48":{"start":{"line":86,"column":2},"end":{"line":86,"column":26}},"49":{"start":{"line":87,"column":2},"end":{"line":87,"column":13}},"50":{"start":{"line":92,"column":2},"end":{"line":92,"column":22}},"51":{"start":{"line":93,"column":2},"end":{"line":93,"column":13}},"52":{"start":{"line":98,"column":2},"end":{"line":99,"column":51}},"53":{"start":{"line":99,"column":3},"end":{"line":99,"column":51}},"54":{"start":{"line":101,"column":2},"end":{"line":101,"column":23}},"55":{"start":{"line":102,"column":2},"end":{"line":102,"column":13}},"56":{"start":{"line":107,"column":2},"end":{"line":107,"column":19}},"57":{"start":{"line":111,"column":0},"end":{"line":111,"column":27}}},"fnMap":{"0":{"name":"(anonymous_0)","decl":{"start":{"line":3,"column":1},"end":{"line":3,"column":2}},"loc":{"start":{"line":4,"column":1},"end":{"line":6,"column":2}},"line":4},"1":{"name":"(anonymous_1)","decl":{"start":{"line":8,"column":1},"end":{"line":8,"column":2}},"loc":{"start":{"line":9,"column":1},"end":{"line":70,"column":2}},"line":9},"2":{"name":"(anonymous_2)","decl":{"start":{"line":33,"column":30},"end":{"line":33,"column":31}},"loc":{"start":{"line":33,"column":40},"end":{"line":33,"column":45}},"line":33},"3":{"name":"(anonymous_3)","decl":{"start":{"line":42,"column":29},"end":{"line":42,"column":30}},"loc":{"start":{"line":42,"column":39},"end":{"line":42,"column":44}},"line":42},"4":{"name":"(anonymous_4)","decl":{"start":{"line":50,"column":30},"end":{"line":50,"column":31}},"loc":{"start":{"line":50,"column":40},"end":{"line":50,"column":45}},"line":50},"5":{"name":"(anonymous_5)","decl":{"start":{"line":52,"column":31},"end":{"line":52,"column":32}},"loc":{"start":{"line":52,"column":41},"end":{"line":52,"column":46}},"line":52},"6":{"name":"(anonymous_6)","decl":{"start":{"line":61,"column":29},"end":{"line":61,"column":30}},"loc":{"start":{"line":61,"column":39},"end":{"line":61,"column":44}},"line":61},"7":{"name":"(anonymous_7)","decl":{"start":{"line":72,"column":1},"end":{"line":72,"column":2}},"loc":{"start":{"line":73,"column":1},"end":{"line":76,"column":2}},"line":73},"8":{"name":"(anonymous_8)","decl":{"start":{"line":78,"column":1},"end":{"line":78,"column":2}},"loc":{"start":{"line":79,"column":1},"end":{"line":82,"column":2}},"line":79},"9":{"name":"(anonymous_9)","decl":{"start":{"line":84,"column":1},"end":{"line":84,"column":2}},"loc":{"start":{"line":85,"column":1},"end":{"line":88,"column":2}},"line":85},"10":{"name":"(anonymous_10)","decl":{"start":{"line":90,"column":1},"end":{"line":90,"column":2}},"loc":{"start":{"line":91,"column":1},"end":{"line":94,"column":2}},"line":91},"11":{"name":"(anonymous_11)","decl":{"start":{"line":96,"column":1},"end":{"line":96,"column":2}},"loc":{"start":{"line":97,"column":1},"end":{"line":103,"column":2}},"line":97},"12":{"name":"(anonymous_12)","decl":{"start":{"line":105,"column":1},"end":{"line":105,"column":2}},"loc":{"start":{"line":106,"column":1},"end":{"line":108,"column":2}},"line":106}},"branchMap":{"0":{"loc":{"start":{"line":5,"column":15},"end":{"line":5,"column":37}},"type":"cond-expr","locations":[{"start":{"line":5,"column":26},"end":{"line":5,"column":27}},{"start":{"line":5,"column":30},"end":{"line":5,"column":37}}],"line":5},"1":{"loc":{"start":{"line":10,"column":2},"end":{"line":10,"column":18}},"type":"if","locations":[{"start":{"line":10,"column":2},"end":{"line":10,"column":18}},{"start":{"line":10,"column":2},"end":{"line":10,"column":18}}],"line":10},"2":{"loc":{"start":{"line":20,"column":3},"end":{"line":26,"column":4}},"type":"if","locations":[{"start":{"line":20,"column":3},"end":{"line":26,"column":4}},{"start":{"line":20,"column":3},"end":{"line":26,"column":4}}],"line":20},"3":{"loc":{"start":{"line":20,"column":7},"end":{"line":20,"column":111}},"type":"binary-expr","locations":[{"start":{"line":20,"column":7},"end":{"line":20,"column":26}},{"start":{"line":20,"column":30},"end":{"line":20,"column":42}},{"start":{"line":20,"column":46},"end":{"line":20,"column":65}},{"start":{"line":20,"column":69},"end":{"line":20,"column":88}},{"start":{"line":20,"column":92},"end":{"line":20,"column":111}}],"line":20},"4":{"loc":{"start":{"line":22,"column":8},"end":{"line":26,"column":4}},"type":"if","locations":[{"start":{"line":22,"column":8},"end":{"line":26,"column":4}},{"start":{"line":22,"column":8},"end":{"line":26,"column":4}}],"line":22},"5":{"loc":{"start":{"line":28,"column":3},"end":{"line":66,"column":5}},"type":"if","locations":[{"start":{"line":28,"column":3},"end":{"line":66,"column":5}},{"start":{"line":28,"column":3},"end":{"line":66,"column":5}}],"line":28},"6":{"loc":{"start":{"line":28,"column":7},"end":{"line":28,"column":95}},"type":"binary-expr","locations":[{"start":{"line":28,"column":7},"end":{"line":28,"column":26}},{"start":{"line":28,"column":30},"end":{"line":28,"column":49}},{"start":{"line":28,"column":53},"end":{"line":28,"column":72}},{"start":{"line":28,"column":76},"end":{"line":28,"column":95}}],"line":28},"7":{"loc":{"start":{"line":29,"column":4},"end":{"line":66,"column":5}},"type":"switch","locations":[{"start":{"line":31,"column":5},"end":{"line":37,"column":11}},{"start":{"line":38,"column":5},"end":{"line":46,"column":11}},{"start":{"line":47,"column":5},"end":{"line":56,"column":11}},{"start":{"line":57,"column":5},"end":{"line":65,"column":11}}],"line":29},"8":{"loc":{"start":{"line":40,"column":6},"end":{"line":41,"column":29}},"type":"if","locations":[{"start":{"line":40,"column":6},"end":{"line":41,"column":29}},{"start":{"line":40,"column":6},"end":{"line":41,"column":29}}],"line":40},"9":{"loc":{"start":{"line":49,"column":6},"end":{"line":52,"column":47}},"type":"if","locations":[{"start":{"line":49,"column":6},"end":{"line":52,"column":47}},{"start":{"line":49,"column":6},"end":{"line":52,"column":47}}],"line":49},"10":{"loc":{"start":{"line":59,"column":6},"end":{"line":60,"column":29}},"type":"if","locations":[{"start":{"line":59,"column":6},"end":{"line":60,"column":29}},{"start":{"line":59,"column":6},"end":{"line":60,"column":29}}],"line":59},"11":{"loc":{"start":{"line":98,"column":2},"end":{"line":99,"column":51}},"type":"if","locations":[{"start":{"line":98,"column":2},"end":{"line":99,"column":51}},{"start":{"line":98,"column":2},"end":{"line":99,"column":51}}],"line":98}},"s":{"0":20,"1":5,"2":0,"3":5,"4":5,"5":5,"6":5,"7":5,"8":5,"9":35,"10":14,"11":21,"12":12,"13":12,"14":35,"15":7,"16":2,"17":2,"18":2,"19":2,"20":2,"21":2,"22":1,"23":2,"24":2,"25":2,"26":2,"27":2,"28":2,"29":1,"30":1,"31":1,"32":0,"33":2,"34":2,"35":2,"36":1,"37":0,"38":1,"39":1,"40":1,"41":1,"42":1,"43":5,"44":2,"45":2,"46":2,"47":2,"48":1,"49":1,"50":2,"51":2,"52":2,"53":1,"54":1,"55":1,"56":7,"57":1},"f":{"0":20,"1":5,"2":2,"3":2,"4":1,"5":0,"6":1,"7":2,"8":2,"9":1,"10":2,"11":2,"12":7},"b":{"0":[5,15],"1":[0,5],"2":[14,21],"3":[35,33,31,29,28],"4":[12,9],"5":[7,28],"6":[35,33,31,29],"7":[2,2,2,1],"8":[1,1],"9":[1,1],"10":[0,1],"11":[1,1]},"_coverageSchema":"43e27e138ebf9cfc5966b082cf9a028302ed4184","hash":"0a4a157079b2e675a8ee0ef98353717829bfeeb2"}
}
