TN:
SF:C:\Users\DBetancourt\Git\unit-test-calculator\calculator.js
FN:3,(anonymous_0)
FN:8,(anonymous_1)
FN:14,(anonymous_2)
FN:20,(anonymous_3)
FN:26,(anonymous_4)
FN:32,(anonymous_5)
FN:41,(anonymous_6)
FNF:7
FNH:7
FNDA:15,(anonymous_0)
FNDA:2,(anonymous_1)
FNDA:2,(anonymous_2)
FNDA:1,(anonymous_3)
FNDA:2,(anonymous_4)
FNDA:2,(anonymous_5)
FNDA:7,(anonymous_6)
DA:5,15
DA:10,2
DA:11,2
DA:16,2
DA:17,2
DA:22,1
DA:23,1
DA:28,2
DA:29,2
DA:34,2
DA:35,1
DA:37,1
DA:38,1
DA:43,7
DA:57,1
LF:15
LH:15
BRDA:34,0,0,1
BRDA:34,0,1,1
BRF:2
BRH:2
end_of_record
TN:
SF:C:\Users\DBetancourt\Git\unit-test-calculator\rpn-calculator.js
FN:3,(anonymous_0)
FN:8,(anonymous_1)
FN:33,(anonymous_2)
FN:42,(anonymous_3)
FN:50,(anonymous_4)
FN:52,(anonymous_5)
FN:61,(anonymous_6)
FN:72,(anonymous_7)
FN:78,(anonymous_8)
FN:84,(anonymous_9)
FN:90,(anonymous_10)
FN:96,(anonymous_11)
FN:105,(anonymous_12)
FNF:13
FNH:12
FNDA:20,(anonymous_0)
FNDA:5,(anonymous_1)
FNDA:2,(anonymous_2)
FNDA:2,(anonymous_3)
FNDA:1,(anonymous_4)
FNDA:0,(anonymous_5)
FNDA:1,(anonymous_6)
FNDA:2,(anonymous_7)
FNDA:2,(anonymous_8)
FNDA:1,(anonymous_9)
FNDA:2,(anonymous_10)
FNDA:2,(anonymous_11)
FNDA:7,(anonymous_12)
DA:5,20
DA:10,5
DA:12,5
DA:13,5
DA:14,5
DA:15,5
DA:16,5
DA:18,5
DA:20,35
DA:21,14
DA:22,21
DA:24,12
DA:25,12
DA:28,35
DA:29,7
DA:33,2
DA:34,2
DA:35,2
DA:37,2
DA:40,2
DA:41,1
DA:42,2
DA:43,2
DA:44,2
DA:46,2
DA:49,2
DA:50,1
DA:52,1
DA:53,2
DA:54,2
DA:56,2
DA:59,1
DA:60,0
DA:61,1
DA:62,1
DA:63,1
DA:65,1
DA:69,5
DA:74,2
DA:75,2
DA:80,2
DA:81,2
DA:86,1
DA:87,1
DA:92,2
DA:93,2
DA:98,2
DA:99,1
DA:101,1
DA:102,1
DA:107,7
DA:111,1
LF:52
LH:51
BRDA:5,0,0,5
BRDA:5,0,1,15
BRDA:10,1,0,0
BRDA:10,1,1,5
BRDA:20,2,0,14
BRDA:20,2,1,21
BRDA:20,3,0,35
BRDA:20,3,1,33
BRDA:20,3,2,31
BRDA:20,3,3,29
BRDA:20,3,4,28
BRDA:22,4,0,12
BRDA:22,4,1,9
BRDA:28,5,0,7
BRDA:28,5,1,28
BRDA:28,6,0,35
BRDA:28,6,1,33
BRDA:28,6,2,31
BRDA:28,6,3,29
BRDA:29,7,0,2
BRDA:29,7,1,2
BRDA:29,7,2,2
BRDA:29,7,3,1
BRDA:40,8,0,1
BRDA:40,8,1,1
BRDA:49,9,0,1
BRDA:49,9,1,1
BRDA:59,10,0,0
BRDA:59,10,1,1
BRDA:98,11,0,1
BRDA:98,11,1,1
BRF:31
BRH:29
end_of_record
